#
# There is insufficient memory for the Java Runtime Environment to continue.
# Native memory allocation (mmap) failed to map 125829120 bytes for Failed to commit area from 0x0000000089800000 to 0x0000000091000000 of length 125829120.
# Possible reasons:
#   The system is out of physical RAM or swap space
#   The process is running with CompressedOops enabled, and the Java Heap may be blocking the growth of the native heap
# Possible solutions:
#   Reduce memory load on the system
#   Increase physical memory or swap space
#   Check if swap backing store is full
#   Decrease Java heap size (-Xmx/-Xms)
#   Decrease number of Java threads
#   Decrease Java thread stack sizes (-Xss)
#   Set larger code cache with -XX:ReservedCodeCacheSize=
# This output file may be truncated or incomplete.
#
#  Out of Memory Error (./src/hotspot/os/windows/os_windows.cpp:3511), pid=17212, tid=16124
#
# JRE version:  (11.0.11+9) (build )
# Java VM: OpenJDK 64-Bit Server VM (11.0.11+9-b1504.16, mixed mode, sharing, tiered, compressed oops, g1 gc, windows-amd64)
# No core dump will be written. Minidumps are not enabled by default on client versions of Windows
#

---------------  S U M M A R Y ------------

Command Line: git4idea.http.GitAskPassApp Username for 'https://github.com': 

Host: AMD Ryzen 3 4300U with Radeon Graphics         , 4 cores, 7G,  Windows 10 , 64 bit Build 22621 (10.0.22621.755)
Time: Tue Nov 29 13:01:57 2022 Mitteleuropäische Zeit elapsed time: 0.012471 seconds (0d 0h 0m 0s)

---------------  T H R E A D  ---------------

Current thread (0x000002be284ac800):  JavaThread "Unknown thread" [_thread_in_vm, id=16124, stack(0x000000c255900000,0x000000c255a00000)]

Stack: [0x000000c255900000,0x000000c255a00000]
Native frames: (J=compiled Java code, j=interpreted, Vv=VM code, C=native code)
V  [jvm.dll+0x5f5d5a]
V  [jvm.dll+0x7798b5]
V  [jvm.dll+0x77aecd]
V  [jvm.dll+0x77b583]
V  [jvm.dll+0x244978]
V  [jvm.dll+0x5f3174]
V  [jvm.dll+0x5e7d55]
V  [jvm.dll+0x30068b]
V  [jvm.dll+0x3005fa]
V  [jvm.dll+0x3004d2]
V  [jvm.dll+0x3053c6]
V  [jvm.dll+0x34e0a3]
V  [jvm.dll+0x34e7a6]
V  [jvm.dll+0x34e1a3]
V  [jvm.dll+0x2db0c8]
V  [jvm.dll+0x2dc267]
V  [jvm.dll+0x758057]
V  [jvm.dll+0x75984c]
V  [jvm.dll+0x35b659]
V  [jvm.dll+0x73b67e]
V  [jvm.dll+0x3c39f3]
V  [jvm.dll+0x3c5dd1]
C  [jli.dll+0x5373]
C  [ucrtbase.dll+0x29363]
C  [KERNEL32.DLL+0x1244d]
C  [ntdll.dll+0x5dfb8]


---------------  P R O C E S S  ---------------

Threads class SMR info:
_java_thread_list=0x000002be26196300, length=0, elements={
}

Java Threads: ( => current thread )

Other Threads:
  0x000002be284c5800 GCTaskThread "GC Thread#0" [stack: 0x000000c255a00000,0x000000c255b00000] [id=10996]
  0x000002be284f3800 ConcurrentGCThread "G1 Main Marker" [stack: 0x000000c255b00000,0x000000c255c00000] [id=11316]
  0x000002be284f4800 ConcurrentGCThread "G1 Conc#0" [stack: 0x000000c255c00000,0x000000c255d00000] [id=18676]

[error occurred during error reporting (printing all threads), id 0xc0000005, EXCEPTION_ACCESS_VIOLATION (0xc0000005) at pc=0x00007ff9135eb8f7]

VM state:not at safepoint (not fully initialized)

VM Mutex/Monitor currently owned by a thread:  ([mutex/lock_event])
[0x000002be284a8130] Heap_lock - owner thread: 0x000002be284ac800

Heap address: 0x0000000089800000, size: 1896 MB, Compressed Oops mode: Non-zero based: 0x0000000089800000
Narrow klass base: 0x0000000000000000, Narrow klass shift: 0

GC Heap History (0 events):
No events

Deoptimization events (0 events):
No events

Classes redefined (0 events):
No events

Internal exceptions (0 events):
No events

Events (1 events):
Event: 0.008 Loaded shared library D:\IntelliJ IDEA 2021.2.1\jbr\bin\zip.dll


Dynamic libraries:
0x00007ff6f25d0000 - 0x00007ff6f25da000 	D:\IntelliJ IDEA 2021.2.1\jbr\bin\java.exe
0x00007ff9bab90000 - 0x00007ff9bada4000 	C:\WINDOWS\SYSTEM32\ntdll.dll
0x00007ff9b9f00000 - 0x00007ff9b9fc2000 	C:\WINDOWS\System32\KERNEL32.DLL
0x00007ff9b8160000 - 0x00007ff9b84fd000 	C:\WINDOWS\System32\KERNELBASE.dll
0x00007ff9b8040000 - 0x00007ff9b8151000 	C:\WINDOWS\System32\ucrtbase.dll
0x00007ff991540000 - 0x00007ff991557000 	D:\IntelliJ IDEA 2021.2.1\jbr\bin\VCRUNTIME140.dll
0x00007ff991560000 - 0x00007ff991579000 	D:\IntelliJ IDEA 2021.2.1\jbr\bin\jli.dll
0x00007ff9b9c70000 - 0x00007ff9b9e1a000 	C:\WINDOWS\System32\USER32.dll
0x00007ff9b85c0000 - 0x00007ff9b85e6000 	C:\WINDOWS\System32\win32u.dll
0x00007ff9a8de0000 - 0x00007ff9a906e000 	C:\WINDOWS\WinSxS\amd64_microsoft.windows.common-controls_6595b64144ccf1df_6.0.22621.608_none_a9444ca7c10bb01d\COMCTL32.dll
0x00007ff9baa20000 - 0x00007ff9baa49000 	C:\WINDOWS\System32\GDI32.dll
0x00007ff9b9720000 - 0x00007ff9b97c7000 	C:\WINDOWS\System32\msvcrt.dll
0x00007ff9b87d0000 - 0x00007ff9b88e2000 	C:\WINDOWS\System32\gdi32full.dll
0x00007ff9b88f0000 - 0x00007ff9b898a000 	C:\WINDOWS\System32\msvcp_win.dll
0x00007ff9b96e0000 - 0x00007ff9b9712000 	C:\WINDOWS\System32\IMM32.DLL
0x00007ff97ea70000 - 0x00007ff97eb0d000 	D:\IntelliJ IDEA 2021.2.1\jbr\bin\msvcp140.dll
0x00007ff913300000 - 0x00007ff913e4a000 	D:\IntelliJ IDEA 2021.2.1\jbr\bin\server\jvm.dll
0x00007ff9baa50000 - 0x00007ff9baafe000 	C:\WINDOWS\System32\ADVAPI32.dll
0x00007ff9b9e50000 - 0x00007ff9b9ef4000 	C:\WINDOWS\System32\sechost.dll
0x00007ff9b9190000 - 0x00007ff9b92a5000 	C:\WINDOWS\System32\RPCRT4.dll
0x00007ff9b8d00000 - 0x00007ff9b8d08000 	C:\WINDOWS\System32\PSAPI.DLL
0x00007ff9af890000 - 0x00007ff9af8c4000 	C:\WINDOWS\SYSTEM32\WINMM.dll
0x00007ff9a1120000 - 0x00007ff9a1129000 	C:\WINDOWS\SYSTEM32\WSOCK32.dll
0x00007ff9b6ac0000 - 0x00007ff9b6aca000 	C:\WINDOWS\SYSTEM32\VERSION.dll
0x00007ff9b8990000 - 0x00007ff9b8a01000 	C:\WINDOWS\System32\WS2_32.dll
0x00007ff9b7000000 - 0x00007ff9b7018000 	C:\WINDOWS\SYSTEM32\kernel.appcore.dll
0x00007ff9a2ef0000 - 0x00007ff9a2f01000 	D:\IntelliJ IDEA 2021.2.1\jbr\bin\verify.dll
0x00007ff9b5ae0000 - 0x00007ff9b5d0e000 	C:\WINDOWS\SYSTEM32\DBGHELP.DLL
0x00007ff9b9350000 - 0x00007ff9b96da000 	C:\WINDOWS\System32\combase.dll
0x00007ff9b98d0000 - 0x00007ff9b99a7000 	C:\WINDOWS\System32\OLEAUT32.dll
0x00007ff9a5000000 - 0x00007ff9a5032000 	C:\WINDOWS\SYSTEM32\dbgcore.DLL
0x00007ff9b7fc0000 - 0x00007ff9b803b000 	C:\WINDOWS\System32\bcryptPrimitives.dll
0x00007ff9a2ec0000 - 0x00007ff9a2ee9000 	D:\IntelliJ IDEA 2021.2.1\jbr\bin\java.dll
0x00007ff9a5060000 - 0x00007ff9a506b000 	D:\IntelliJ IDEA 2021.2.1\jbr\bin\jimage.dll
0x00007ff9a2d80000 - 0x00007ff9a2d98000 	D:\IntelliJ IDEA 2021.2.1\jbr\bin\zip.dll

dbghelp: loaded successfully - version: 4.0.5 - missing functions: none
symbol engine: initialized successfully - sym options: 0x614 - pdb path: .;D:\IntelliJ IDEA 2021.2.1\jbr\bin;C:\WINDOWS\SYSTEM32;C:\WINDOWS\WinSxS\amd64_microsoft.windows.common-controls_6595b64144ccf1df_6.0.22621.608_none_a9444ca7c10bb01d;D:\IntelliJ IDEA 2021.2.1\jbr\bin\server

VM Arguments:
java_command: git4idea.http.GitAskPassApp Username for 'https://github.com': 
java_class_path (initial): D:/IntelliJ IDEA 2021.2.1/plugins/git4idea/lib/git4idea-rt.jar;D:/IntelliJ IDEA 2021.2.1/lib/3rd-party.jar
Launcher Type: SUN_STANDARD

[Global flags]
     intx CICompilerCount                          = 3                                         {product} {ergonomic}
     uint ConcGCThreads                            = 1                                         {product} {ergonomic}
     uint G1ConcRefinementThreads                  = 4                                         {product} {ergonomic}
   size_t G1HeapRegionSize                         = 1048576                                   {product} {ergonomic}
    uintx GCDrainStackTargetSize                   = 64                                        {product} {ergonomic}
   size_t InitialHeapSize                          = 125829120                                 {product} {ergonomic}
   size_t MarkStackSize                            = 4194304                                   {product} {ergonomic}
   size_t MaxHeapSize                              = 1988100096                                {product} {ergonomic}
   size_t MinHeapDeltaBytes                        = 1048576                                   {product} {ergonomic}
    uintx NonNMethodCodeHeapSize                   = 5830732                                {pd product} {ergonomic}
    uintx NonProfiledCodeHeapSize                  = 122913754                              {pd product} {ergonomic}
    uintx ProfiledCodeHeapSize                     = 122913754                              {pd product} {ergonomic}
    uintx ReservedCodeCacheSize                    = 251658240                              {pd product} {ergonomic}
     bool SegmentedCodeCache                       = true                                      {product} {ergonomic}
     bool UseCompressedClassPointers               = true                                 {lp64_product} {ergonomic}
     bool UseCompressedOops                        = true                                 {lp64_product} {ergonomic}
     bool UseG1GC                                  = true                                      {product} {ergonomic}
     bool UseLargePagesIndividualAllocation        = false                                  {pd product} {ergonomic}

Logging:
Log output configuration:
 #0: stdout all=warning uptime,level,tags
 #1: stderr all=off uptime,level,tags

Environment Variables:
PATH=C:\Program Files\Git\mingw64\libexec\git-core;C:\Program Files\Git\mingw64\libexec\git-core;C:\Program Files\Git\mingw64\bin;C:\Program Files\Git\usr\bin;C:\Users\flnc8\bin;C:\Program Files\Common Files\Oracle\Java\javapath;C:\WINDOWS\system32;C:\WINDOWS;C:\WINDOWS\System32\Wbem;C:\WINDOWS\System32\WindowsPowerShell\v1.0;C:\WINDOWS\System32\OpenSSH;C:\Program Files\Git\cmd;C:\Program Files\nodejs;C:\Program Files\PuTTY;C:\HashiCorp\Vagrant\bin;C:\Program Files\Docker\Docker\resources\bin;C:\Users\flnc8\AppData\Local\Microsoft\WindowsApps;D:\IntelliJ IDEA 2021.2.1\bin;C:\Users\flnc8\AppData\Local\atom\bin;C:\Users\flnc8\AppData\Local\Microsoft\WindowsApps;D:\IBW\10 RESTful WebService\curl-7.81.0-win64-mingw\curl-7.81.0-win64-mingw\bin;C:\Users\flnc8\AppData\Roaming\npm;C:\Users\flnc8\AppData\Local\Programs\Microsoft VS Code\bin
USERNAME=flnc8
DISPLAY=:0.0
LC_ALL=en_US.UTF-8
OS=Windows_NT
PROCESSOR_IDENTIFIER=AMD64 Family 23 Model 96 Stepping 1, AuthenticAMD



---------------  S Y S T E M  ---------------

OS: Windows 10 , 64 bit Build 22621 (10.0.22621.755)
OS uptime: 0 days 13:48 hours
Hyper-V role detected

CPU:total 4 (initial active 4) (4 cores per cpu, 1 threads per core) family 23 model 96 stepping 1 microcode 0x0, cmov, cx8, fxsr, mmx, sse, sse2, sse3, ssse3, sse4.1, sse4.2, popcnt, avx, avx2, aes, clmul, mmxext, 3dnowpref, lzcnt, sse4a, tsc, tscinvbit, tscinv, bmi1, bmi2, adx, sha, 

Memory: 4k page, system-wide physical 7581M (286M free)
TotalPageFile size 20495M (AvailPageFile size 29M)
current process WorkingSet (physical memory assigned to process): 10M, peak: 10M
current process commit charge ("private bytes"): 51M, peak: 171M

vm_info: OpenJDK 64-Bit Server VM (11.0.11+9-b1504.16) for windows-amd64 JRE (11.0.11+9-b1504.16), built on Aug  9 2021 01:34:19 by "" with MS VC++ 14.0 (VS2015)

END.
